<?xml version="1.0" encoding="UTF-8"?>
<!-- Generated by org.testng.reporters.JUnitReportReporter -->
<testsuite hostname="LAPTOP-7M47H157" failures="0" tests="1" name="testcases.AnnTest3" time="0.008" errors="0" timestamp="2024-10-07T13:17:48 CDT" skipped="0">
  <testcase classname="testcases.AnnTest3" name="Test3" time="0.008"/>
</testsuite> <!-- testcases.AnnTest3 -->
