<?xml version="1.0" encoding="UTF-8"?>
<!-- Generated by org.testng.reporters.JUnitReportReporter -->
<testsuite hostname="LAPTOP-7M47H157" failures="0" tests="2" name="testcases.MyTestClass1" time="0.016" errors="0" timestamp="2024-10-08T14:41:13 CDT" skipped="0">
  <testcase classname="testcases.MyTestClass1" name="myTestMethod2" time="0.005"/>
  <testcase classname="testcases.MyTestClass1" name="myTestMethod1" time="0.011"/>
</testsuite> <!-- testcases.MyTestClass1 -->
