<?xml version="1.0" encoding="UTF-8"?>
<!-- Generated by org.testng.reporters.JUnitReportReporter -->
<testsuite hostname="LAPTOP-7M47H157" failures="0" tests="3" name="testcases.Signup" time="0.027" errors="0" timestamp="2024-10-08T23:01:29 CDT" skipped="1">
  <testcase classname="testcases.Signup" name="SignupbyFacebook" time="0.025"/>
  <testcase classname="testcases.Signup" name="SignupByTwitter" time="0.002"/>
  <testcase classname="testcases.Signup" name="signupbyEmail">
    <skipped/>
  </testcase> <!-- signupbyEmail -->
</testsuite> <!-- testcases.Signup -->
