<?xml version="1.0" encoding="UTF-8"?>
<!-- Generated by org.testng.reporters.JUnitReportReporter -->
<testsuite hostname="LAPTOP-7M47H157" failures="0" tests="2" name="testcases.AnnTest2" time="0.010" errors="0" timestamp="2024-10-07T11:43:04 CDT" skipped="0">
  <testcase classname="testcases.AnnTest2" name="Search" time="0.009"/>
  <testcase classname="testcases.AnnTest2" name="AdvSearch" time="0.001"/>
</testsuite> <!-- testcases.AnnTest2 -->
