<?xml version="1.0" encoding="UTF-8"?>
<!-- Generated by org.testng.reporters.JUnitReportReporter -->
<testsuite hostname="LAPTOP-7M47H157" failures="0" tests="1" name="pageobjects.LoginPage" time="2.700" errors="0" timestamp="2024-05-02T23:01:49 CDT" skipped="0">
  <testcase classname="pageobjects.LoginPage" name="Launchbrowser" time="2.700"/>
</testsuite> <!-- pageobjects.LoginPage -->
