<?xml version="1.0" encoding="UTF-8"?>
<!-- Generated by org.testng.reporters.JUnitReportReporter -->
<testsuite hostname="LAPTOP-7M47H157" failures="0" tests="2" name="testcases.LoginTests1" time="0.006" errors="0" timestamp="2024-10-08T23:01:29 CDT" skipped="0">
  <testcase classname="testcases.LoginTests1" name="loginByEmail" time="0.003"/>
  <testcase classname="testcases.LoginTests1" name="loginByFacebook" time="0.003"/>
</testsuite> <!-- testcases.LoginTests1 -->
