<?xml version="1.0" encoding="UTF-8"?>
<!-- Generated by org.testng.reporters.JUnitReportReporter -->
<testsuite hostname="LAPTOP-7M47H157" failures="0" tests="1" name="testcases.LoginTest1" time="2.570" errors="0" timestamp="2024-05-04T23:22:11 CDT" skipped="0">
  <testcase classname="testcases.LoginTest1" name="loginTest" time="2.570"/>
</testsuite> <!-- testcases.LoginTest1 -->
