<?xml version="1.0" encoding="UTF-8"?>
<!-- Generated by org.testng.reporters.JUnitReportReporter -->
<testsuite hostname="LAPTOP-7M47H157" failures="0" tests="2" name="testcases.AnnTest" time="0.016" errors="0" timestamp="2024-10-07T11:32:34 CDT" skipped="0">
  <testcase classname="testcases.AnnTest" name="search" time="0.013"/>
  <testcase classname="testcases.AnnTest" name="AdvanceSearch" time="0.003"/>
</testsuite> <!-- testcases.AnnTest -->
