<?xml version="1.0" encoding="UTF-8"?>
<!-- Generated by org.testng.reporters.JUnitReportReporter -->
<testsuite hostname="LAPTOP-7M47H157" failures="0" tests="1" name="testcases.AnnTest4" time="0.002" errors="0" timestamp="2024-10-07T13:17:48 CDT" skipped="0">
  <testcase classname="testcases.AnnTest4" name="Test4" time="0.002"/>
</testsuite> <!-- testcases.AnnTest4 -->
