<?xml version="1.0" encoding="UTF-8"?>
<!-- Generated by org.testng.reporters.JUnitReportReporter -->
<testsuite hostname="LAPTOP-7M47H157" failures="0" tests="2" name="testcases.DataPro" time="11.601" errors="0" timestamp="2024-10-08T13:25:21 CDT" skipped="0">
  <testcase classname="testcases.DataPro" name="Login" time="4.537"/>
  <testcase classname="testcases.DataPro" name="Login" time="7.064"/>
</testsuite> <!-- testcases.DataPro -->
